<?xml version="1.0" encoding="UTF-8"?>
<testng-results skipped="0" failed="0" total="1" passed="1">
  <reporter-output>
  </reporter-output>
  <suite name="ActiTimeTests" duration-ms="20049" started-at="2019-12-09T14:29:13Z" finished-at="2019-12-09T14:29:33Z">
    <groups>
    </groups>
    <test name="SmokeSuite" duration-ms="20049" started-at="2019-12-09T14:29:13Z" finished-at="2019-12-09T14:29:33Z">
      <class name="com.selenium.tests.LoginTests">
        <test-method status="PASS" signature="beforeTest()[pri:0, instance:com.selenium.tests.LoginTests@7ca48474]" name="beforeTest" is-config="true" duration-ms="27" started-at="2019-12-09T19:59:13Z" finished-at="2019-12-09T19:59:13Z">
          <reporter-output>
          </reporter-output>
        </test-method> <!-- beforeTest -->
        <test-method status="PASS" signature="beforeClass()[pri:0, instance:com.selenium.tests.LoginTests@7ca48474]" name="beforeClass" is-config="true" duration-ms="1" started-at="2019-12-09T19:59:13Z" finished-at="2019-12-09T19:59:13Z">
          <reporter-output>
          </reporter-output>
        </test-method> <!-- beforeClass -->
        <test-method status="PASS" signature="launchBrowser()[pri:0, instance:com.selenium.tests.LoginTests@7ca48474]" name="launchBrowser" is-config="true" duration-ms="10993" started-at="2019-12-09T19:59:13Z" finished-at="2019-12-09T19:59:24Z">
          <reporter-output>
          </reporter-output>
        </test-method> <!-- launchBrowser -->
        <test-method status="PASS" signature="login_001()[pri:0, instance:com.selenium.tests.LoginTests@7ca48474]" name="login_001" duration-ms="8612" started-at="2019-12-09T19:59:24Z" finished-at="2019-12-09T19:59:32Z">
          <reporter-output>
          </reporter-output>
        </test-method> <!-- login_001 -->
        <test-method status="PASS" signature="closeBrowser()[pri:0, instance:com.selenium.tests.LoginTests@7ca48474]" name="closeBrowser" is-config="true" duration-ms="310" started-at="2019-12-09T19:59:33Z" finished-at="2019-12-09T19:59:33Z">
          <reporter-output>
          </reporter-output>
        </test-method> <!-- closeBrowser -->
        <test-method status="PASS" signature="afterClass()[pri:0, instance:com.selenium.tests.LoginTests@7ca48474]" name="afterClass" is-config="true" duration-ms="1" started-at="2019-12-09T19:59:33Z" finished-at="2019-12-09T19:59:33Z">
          <reporter-output>
          </reporter-output>
        </test-method> <!-- afterClass -->
        <test-method status="PASS" signature="afterTest()[pri:0, instance:com.selenium.tests.LoginTests@7ca48474]" name="afterTest" is-config="true" duration-ms="0" started-at="2019-12-09T19:59:33Z" finished-at="2019-12-09T19:59:33Z">
          <reporter-output>
          </reporter-output>
        </test-method> <!-- afterTest -->
      </class> <!-- com.selenium.tests.LoginTests -->
    </test> <!-- SmokeSuite -->
  </suite> <!-- ActiTimeTests -->
</testng-results>
